<?xml version="1.0" encoding="UTF-8"?>
<!-- Generated by org.testng.reporters.JUnitXMLReporter -->
<testsuite hostname="mapkhome" ignored="0" tests="5" failures="0" timestamp="2019-12-08T23:27:23 PST" time="112.933" errors="0">
  <testcase name="TC_01_loginErrorMessage" time="10.124" classname="SalesforceTest"/>
  <testcase name="TC_02_loginToSFDC" time="2.716" classname="SalesforceTest"/>
  <testcase name="TC_03_rememberMeCheckBox" time="12.61" classname="SalesforceTest"/>
  <testcase name="TC_4A_forgotPassword" time="1.657" classname="SalesforceTest"/>
  <testcase name="TC_4B_validateLoginErrorMessage" time="1.132" classname="SalesforceTest"/>
</testsuite>
